<?xml version="1.0" encoding="UTF-8"?>
<testsuite xmlns:xsi="http://www.w3.org/2001/XMLSchema-instance" xsi:noNamespaceSchemaLocation="https://maven.apache.org/surefire/maven-surefire-plugin/xsd/surefire-test-report-3.0.xsd" version="3.0" name="TestSuite" time="69.339" tests="2" errors="0" skipped="0" failures="0">
  <properties>
[...]
</properties>
  <testcase name="test_Invalid_email" classname="TestCase.NopCommerce_TestCase" time="0.394">
    <system-out><![CDATA[[TestNGContentHandler] [WARN] It is strongly recommended to add "<!DOCTYPE suite SYSTEM "https://testng.org/testng-1.0.dtd" >" at the top of the suite file [C:\Users\nbmad\Documents\workspace-spring-tool-suite\TestNGdemo\nocommerce.xml] otherwise TestNG may fail or not work as expected.
Data is {"Blank":{"ConfirmEmail":"","developmentTime":"","UserName":"","CountryName":"","Lastname":"","workingYears":"","Firstname":"","mainActivity":"","TimeZone":"","password":"","confirmPassword":"","yourUrl":"","email":"","companyPrimarily":""},"MaxChracter":{"ConfirmEmail":"amitadsfjasdlkjfafsfdfjaldskjf;laskdj;lfkjasd;lkf jalskdjf;lkas jeifjasldkfjla skdjflaksjdflkjasdl;kfj;laskdjf;lkajsd;lkfjas;ldjf;lkasjd;lfjas;ldjf;laksdj;fljasiejf;laksdf;lkajsd;lfjas;dlkj;vlasdjv;lase;lfkjsaldjf;laksdm;flkjasd;lkff;lkajsd ofij elfija sl;fij sdifjeojf'aekjf;lsdjf;lskdajf ls;adkfj;asdfjsdf; sdlfjsdfsjas;ldkjf;lass","developmentTime":"amitadsfjasdlkjfafsfdfjaldskjf;laskdj;lfkjasd;lkf jalskdjf;lkas jeifjasldkfjla skdjflaksjdflkjasdl;kfj;laskdjf;lkajsd;lkfjas;ldjf;lkasjd;lfjas;ldjf;laksdj;fljasiejf;laksdf;lkajsd;lfjas;dlkj;vlasdjv;lase;lfkjsaldjf;laksdm;flkjasd;lkff;lkajsd ofij elfija sl;fij sdifjeojf'aekjf;lsdjf;lskdajf ls;adkfj;asdfjsdf; sdlfjsdfsjas;ldkjf;lassq","UserName":"famitadsfjasdlkjfafsfdfjaldskjf;laskdj;lfkjasd;lkf jalskdjf;lkas jeifjasldkfjla skdjflaksjdflkjasdl;kfj;laskdjf;lkajsd;lkfjas;ldjf;lkasjd;lfjas;ldjf;laksdj;fljasiejf;laksdf;lkajsd;lfjas;dlkj;vlasdjv;lase;lfkjsaldjf;laksdm;flkjasd;lkff;lkajsd ofij elfija sl;fij sdifjeojf'aekjf;lsdjf;lskdajf ls;adkfj;asdfjsdf; sdlfjsdfsjas;ldkjf;lass","CountryName":"gamitadsfjasdlkjfafsfdfjaldskjf;laskdj;lfkjasd;lkf jalskdjf;lkas jeifjasldkfjla skdjflaksjdflkjasdl;kfj;laskdjf;lkajsd;lkfjas;ldjf;lkasjd;lfjas;ldjf;laksdj;fljasiejf;laksdf;lkajsd;lfjas;dlkj;vlasdjv;lase;lfkjsaldjf;laksdm;flkjasd;lkff;lkajsd ofij elfija sl;fij sdifjeojf'aekjf;lsdjf;lskdajf ls;adkfj;asdfjsdf; sdlfjsdfsjas;ldkjf;lass","Lastname":"bdsfajsdlfkajsfadskf;lkas'eokf;sldvmk'asogm;sad'mf',;ladsmg';alsemf;sld'mglame'f;kasdmflk;ansdf;lknasd;lvnas;ldkvn;laskdnv;lasnd;voknsaev;,ase;lkvnasd;lkvn;.,dmd'vlkns;lrng';mng;lvasdnfk;japekljfnas;dfnlsakdjf;lksanv;lkncxbmnxc.vmzxl;kfnase;lfkn;sadlkmvoasdnf;lesnf;dsf;laksdjf lkajsdfl kjsadlf;kjsad;lkfj;asldjf;lskadjfkmzd;vlkm;slkdnv;dnsf;dlkfjasd","workingYears":"amitadsfjasdlkjfafsfdfjaldskjf;laskdj;lfkjasd;lkf jalskdjf;lkas jeifjasldkfjla skdjflaksjdflkjasdl;kfj;laskdjf;lkajsd;lkfjas;ldjf;lkasjd;lfjas;ldjf;laksdj;fljasiejf;laksdf;lkajsd;lfjas;dlkj;vlasdjv;lase;lfkjsaldjf;laksdm;flkjasd;lkff;lkajsd ofij elfija sl;fij sdifjeojf'aekjf;lsdjf;lskdajf ls;adkfj;asdfjsdf; sdlfjsdfsjas;ldkjf;lassp","Firstname":"amitadsfjasdlkjfafsfdfjaldskjf;laskdj;lfkjasd;lkf jalskdjf;lkas jeifjasldkfjla skdjflaksjdflkjasdl;kfj;laskdjf;lkajsd;lkfjas;ldjf;lkasjd;lfjas;ldjf;laksdj;fljasiejf;laksdf;lkajsd;lfjas;dlkj;vlasdjv;lase;lfkjsaldjf;laksdm;flkjasd;lkff;lkajsd ofij elfija sl;fij sdifjeojf'aekjf;lsdjf;lskdajf ls;adkfj;asdfjsdf; sdlfjsdfsjas;ldkjf;lass","mainActivity":"amitadsfjasdlkjfafsfdfjaldskjf;laskdj;lfkjasd;lkf jalskdjf;lkas jeifjasldkfjla skdjflaksjdflkjasdl;kfj;laskdjf;lkajsd;lkfjas;ldjf;lkasjd;lfjas;ldjf;laksdj;fljasiejf;laksdf;lkajsd;lfjas;dlkj;vlasdjv;lase;lfkjsaldjf;laksdm;flkjasd;lkff;lkajsd ofij elfija sl;fij sdifjeojf'aekjf;lsdjf;lskdajf ls;adkfj;asdfjsdf; sdlfjsdfsjas;ldkjf;lassm","TimeZone":"mamitadsfjasdlkjfafsfdfjaldskjf;laskdj;lfkjasd;lkf jalskdjf;lkas jeifjasldkfjla skdjflaksjdflkjasdl;kfj;laskdjf;lkajsd;lkfjas;ldjf;lkasjd;lfjas;ldjf;laksdj;fljasiejf;laksdf;lkajsd;lfjas;dlkj;vlasdjv;lase;lfkjsaldjf;laksdm;flkjasd;lkff;lkajsd ofij elfija sl;fij sdifjeojf'aekjf;lsdjf;lskdajf ls;adkfj;asdfjsdf; sdlfjsdfsjas;ldkjf;lass","password":"damitadsfjasdlkjfafsfdfjaldskjf;laskdj;lfkjasd;lkf jalskdjf;lkas jeifjasldkfjla skdjflaksjdflkjasdl;kfj;laskdjf;lkajsd;lkfjas;ldjf;lkasjd;lfjas;ldjf;laksdj;fljasiejf;laksdf;lkajsd;lfjas;dlkj;vlasdjv;lase;lfkjsaldjf;laksdm;flkjasd;lkff;lkajsd ofij elfija sl;fij sdifjeojf'aekjf;lsdjf;lskdajf ls;adkfj;asdfjsdf; sdlfjsdfsjas;ldkjf;lass","confirmPassword":"damitadsfjasdlkjfafsfdfjaldskjf;laskdj;lfkjasd;lkf jalskdjf;lkas jeifjasldkfjla skdjflaksjdflkjasdl;kfj;laskdjf;lkajsd;lkfjas;ldjf;lkasjd;lfjas;ldjf;laksdj;fljasiejf;laksdf;lkajsd;lfjas;dlkj;vlasdjv;lase;lfkjsaldjf;laksdm;flkjasd;lkff;lkajsd ofij elfija sl;fij sdifjeojf'aekjf;lsdjf;lskdajf ls;adkfj;asdfjsdf; sdlfjsdfsjas;ldkjf;lass","yourUrl":"amitadsfjasdlkjfafsfdfjaldskjf;laskdj;lfkjasd;lkf jalskdjf;lkas jeifjasldkfjla skdjflaksjdflkjasdl;kfj;laskdjf;lkajsd;lkfjas;ldjf;lkasjd;lfjas;ldjf;laksdj;fljasiejf;laksdf;lkajsd;lfjas;dlkj;vlasdjv;lase;lfkjsaldjf;laksdm;flkjasd;lkff;lkajsd ofij elfija sl;fij sdifjeojf'aekjf;lsdjf;lskdajf ls;adkfj;asdfjsdf; sdlfjsdfsjas;ldkjf;lasso","email":"amitadsfjasdlkjfafsfdfjaldskjf;laskdj;lfkjasd;lkf jalskdjf;lkas jeifjasldkfjla skdjflaksjdflkjasdl;kfj;laskdjf;lkajsd;lkfjas;ldjf;lkasjd;lfjas;ldjf;laksdj;fljasiejf;laksdf;lkajsd;lfjas;dlkj;vlasdjv;lase;lfkjsaldjf;laksdm;flkjasd;lkff;lkajsd ofij elfija sl;fij sdifjeojf'aekjf;lsdjf;lskdajf ls;adkfj;asdfjsdf; sdlfjsdfsjas;ldkjf;lass","companyPrimarily":"amitadsfjasdlkjfafsfdfjaldskjf;laskdj;lfkjasd;lkf jalskdjf;lkas jeifjasldkfjla skdjflaksjdflkjasdl;kfj;laskdjf;lkajsd;lkfjas;ldjf;lkasjd;lfjas;ldjf;laksdj;fljasiejf;laksdf;lkajsd;lfjas;dlkj;vlasdjv;lase;lfkjsaldjf;laksdm;flkjasd;lkff;lkajsd ofij elfija sl;fij sdifjeojf'aekjf;lsdjf;lskdajf ls;adkfj;asdfjsdf; sdlfjsdfsjas;ldkjf;lassv"},"NameNumberSpecialSymbol":{"ConfirmEmail":"amidfst#@@03@gmail.com","developmentTime":"1â\u20ac\u201c3 sdfa41#years","UserName":"amit_2sdf0033","CountryName":"Indfsdia","Lastname":"Nitn%#@{}*","workingYears":"6â\u20ac\u201c15aaa","Firstname":"Amit@%&#*","mainActivity":"# developer","TimeZone":"(UTC-10:00) Hawfsdafaii","password":"Pass@12@$3afsd34","confirmPassword":"Pass@1234","yourUrl":"www.googlfsdfecaefe.cofsdfm","email":"amitfsdfa03@gmail.com","companyPrimarily":"Devsdf#elops nosdfadfpCommerce extensions"},"DoubleSpace":{"ConfirmEmail":"  ","developmentTime":"  ","UserName":"  ","CountryName":"  ","Lastname":"  ","workingYears":"  ","Firstname":"  ","mainActivity":"  ","TimeZone":"  ","password":"  ","confirmPassword":"  ","yourUrl":"  ","email":"  ","companyPrimarily":"  "},"CombineNameNumberSymbol":{"ConfirmEmail":"amidfst03@gmail.com","developmentTime":"1â\u20ac\u201c3 sdfa3453441#years","UserName":"amit_2sdf0033","CountryName":"Indfsdia","Lastname":"pass@#123","workingYears":"6â\u20ac\u201c15a35435aa","Firstname":"amit@#123","mainActivity":"# develop345345er","TimeZone":"(UTC-10:00) Hawfsdafaii@#","password":"Pass@12@$3afsd34","confirmPassword":"Pass345@1234","yourUrl":"www.googlfsdfeca45345efe.cofsdfm","email":"amitfsdfa03@gmail.com","companyPrimarily":"Devsdf#elops nosd53453454fadfpCommerce extensions"},"Valid":{"ConfirmEmail":"amit034716554645@gmail.com","developmentTime":"3 years","UserName":"amit_200273371654645","CountryName":"India","Lastname":"Nitnaware","workingYears":"15","Firstname":"Amit","mainActivity":"Technical developer","TimeZone":"(UTC-10:00) Hawaii","password":"Pass@1234","ExpectedResult":"Almost done! To complete your nopCommerce registration, we just need to verify your email address. You have just been sent an email to confirm your email address. Open the email, and click the link to confirm your address","confirmPassword":"Pass@1234","yourUrl":"https://www.google.com/","email":"amit034716554645@gmail.com","companyPrimarily":"Develops nopCommerce extensions"},"OnlyNumber":{"ConfirmEmail":"453234523452","developmentTime":"2452345234523","UserName":"523452345","CountryName":"523452346236","Lastname":"53454252345234","workingYears":"754746464657456","Firstname":"12534534535243512","mainActivity":"21241324132","TimeZone":"324523452345234","password":"124313247684","confirmPassword":"9866345089","yourUrl":"23452345234","email":"34253452345","companyPrimarily":"456345634564"},"LessCharater":{"ConfirmEmail":"e","developmentTime":"q","UserName":"f","CountryName":"g","Lastname":"b","workingYears":"p","Firstname":"a","mainActivity":"m","TimeZone":"m","password":"d","confirmPassword":"d","yourUrl":"o","email":"d","companyPrimarily":"v"},"Invalid_email":{"Firstname":"Amit2311","ConfirmEmail":"amitfsdfa03gmailm","ExpectedResult":"Wrong email","Lastname":"Nitnaware3232","email":"amitfsdfa03gmailm"}}
]]></system-out>
    <system-err><![CDATA[log4j:WARN No appenders could be found for logger (io.github.bonigarcia.wdm.Preferences).
log4j:WARN Please initialize the log4j system properly.
log4j:WARN See http://logging.apache.org/log4j/1.2/faq.html#noconfig for more info.
Starting ChromeDriver 107.0.5304.62 (1eec40d3a5764881c92085aaee66d25075c159aa-refs/branch-heads/5304@{#942}) on port 9009
Only local connections are allowed.
Please see https://chromedriver.chromium.org/security-considerations for suggestions on keeping ChromeDriver safe.
ChromeDriver was started successfully.
Nov 19, 2022 10:32:36 AM org.openqa.selenium.remote.ProtocolHandshake createSession
INFO: Detected dialect: W3C
]]></system-err>
  </testcase>
  <testcase name="test_valid_data" classname="TestCase.NopCommerce_TestCase" time="12.183">
    <system-out><![CDATA[AmitNitnaware
]]></system-out>
    <system-err><![CDATA[Starting ChromeDriver 107.0.5304.62 (1eec40d3a5764881c92085aaee66d25075c159aa-refs/branch-heads/5304@{#942}) on port 30203
Only local connections are allowed.
Please see https://chromedriver.chromium.org/security-considerations for suggestions on keeping ChromeDriver safe.
ChromeDriver was started successfully.
Nov 19, 2022 10:32:54 AM org.openqa.selenium.remote.ProtocolHandshake createSession
INFO: Detected dialect: W3C
org.openqa.selenium.NoSuchElementException: Cannot locate element with text: 3 years
For documentation on this error, please visit: http://seleniumhq.org/exceptions/no_such_element.html
Build info: version: '3.4.0', revision: 'unknown', time: 'unknown'
System info: host: 'LAPTOP-DC5PIR4N', ip: '172.20.10.2', os.name: 'Windows 10', os.arch: 'amd64', os.version: '10.0', java.version: '17'
Driver info: driver.version: unknown
	at org.openqa.selenium.support.ui.Select.selectByVisibleText(Select.java:151)
	at PO.PO_NopCommerce.selectWebsitesDevelopmentPeriodId(PO_NopCommerce.java:207)
	at PO.PO_NopCommerce.valid_Data(PO_NopCommerce.java:297)
	at TestCase.NopCommerce_TestCase.test_valid_data(NopCommerce_TestCase.java:108)
	at java.base/jdk.internal.reflect.NativeMethodAccessorImpl.invoke0(Native Method)
	at java.base/jdk.internal.reflect.NativeMethodAccessorImpl.invoke(NativeMethodAccessorImpl.java:77)
	at java.base/jdk.internal.reflect.DelegatingMethodAccessorImpl.invoke(DelegatingMethodAccessorImpl.java:43)
	at java.base/java.lang.reflect.Method.invoke(Method.java:568)
	at org.testng.internal.MethodInvocationHelper.invokeMethod(MethodInvocationHelper.java:133)
	at org.testng.internal.TestInvoker.invokeMethod(TestInvoker.java:598)
	at org.testng.internal.TestInvoker.invokeTestMethod(TestInvoker.java:173)
	at org.testng.internal.MethodRunner.runInSequence(MethodRunner.java:46)
	at org.testng.internal.TestInvoker$MethodInvocationAgent.invoke(TestInvoker.java:824)
	at org.testng.internal.TestInvoker.invokeTestMethods(TestInvoker.java:146)
	at org.testng.internal.TestMethodWorker.invokeTestMethods(TestMethodWorker.java:146)
	at org.testng.internal.TestMethodWorker.run(TestMethodWorker.java:128)
	at java.base/java.util.ArrayList.forEach(ArrayList.java:1511)
	at org.testng.TestRunner.privateRun(TestRunner.java:794)
	at org.testng.TestRunner.run(TestRunner.java:596)
	at org.testng.SuiteRunner.runTest(SuiteRunner.java:377)
	at org.testng.SuiteRunner.runSequentially(SuiteRunner.java:371)
	at org.testng.SuiteRunner.privateRun(SuiteRunner.java:332)
	at org.testng.SuiteRunner.run(SuiteRunner.java:276)
	at org.testng.SuiteRunnerWorker.runSuite(SuiteRunnerWorker.java:53)
	at org.testng.SuiteRunnerWorker.run(SuiteRunnerWorker.java:96)
	at org.testng.TestNG.runSuitesSequentially(TestNG.java:1212)
	at org.testng.TestNG.runSuitesLocally(TestNG.java:1134)
	at org.testng.TestNG.runSuites(TestNG.java:1063)
	at org.testng.TestNG.run(TestNG.java:1031)
	at org.apache.maven.surefire.testng.TestNGExecutor.run(TestNGExecutor.java:324)
	at org.apache.maven.surefire.testng.TestNGXmlTestSuite.execute(TestNGXmlTestSuite.java:74)
	at org.apache.maven.surefire.testng.TestNGProvider.invoke(TestNGProvider.java:123)
	at org.apache.maven.surefire.booter.ForkedBooter.runSuitesInProcess(ForkedBooter.java:456)
	at org.apache.maven.surefire.booter.ForkedBooter.execute(ForkedBooter.java:169)
	at org.apache.maven.surefire.booter.ForkedBooter.run(ForkedBooter.java:595)
	at org.apache.maven.surefire.booter.ForkedBooter.main(ForkedBooter.java:581)
]]></system-err>
  </testcase>
</testsuite>