<?xml version="1.0" encoding="UTF-8"?>
<!-- Generated by org.testng.reporters.JUnitXMLReporter -->
<testsuite ignored="0" hostname="POOLW42SLPC7769" failures="3" tests="3" name="Facebook_testcase" time="98.473" errors="0" timestamp="2022-11-15T09:10:19 IST">
  <testcase classname="TestCase.Facebook_TestCase" name="Blank" time="0.009">
    <failure type="java.lang.NullPointerException" message="Cannot invoke &amp;quot;org.json.JSONObject.getJSONObject(String)&amp;quot; because &amp;quot;this.facebooklogin&amp;quot; is null">
      <![CDATA[java.lang.NullPointerException: Cannot invoke "org.json.JSONObject.getJSONObject(String)" because "this.facebooklogin" is null
at TestCase.Facebook_TestCase.Blank(Facebook_TestCase.java:104)
at java.base/java.util.ArrayList.forEach(ArrayList.java:1511)
... Removed 25 stack frames]]>
    </failure>
  </testcase> <!-- Blank -->
  <testcase classname="TestCase.Facebook_TestCase" name="InvalidValidData" time="0.001">
    <failure type="java.lang.NullPointerException" message="Cannot invoke &amp;quot;org.json.JSONObject.getJSONObject(String)&amp;quot; because &amp;quot;this.facebooklogin&amp;quot; is null">
      <![CDATA[java.lang.NullPointerException: Cannot invoke "org.json.JSONObject.getJSONObject(String)" because "this.facebooklogin" is null
at TestCase.Facebook_TestCase.InvalidValidData(Facebook_TestCase.java:92)
at java.base/java.util.ArrayList.forEach(ArrayList.java:1511)
... Removed 25 stack frames]]>
    </failure>
  </testcase> <!-- InvalidValidData -->
  <testcase classname="TestCase.Facebook_TestCase" name="ValidData" time="0.002">
    <failure type="java.lang.NullPointerException" message="Cannot invoke &amp;quot;org.json.JSONObject.getJSONObject(String)&amp;quot; because &amp;quot;this.facebooklogin&amp;quot; is null">
      <![CDATA[java.lang.NullPointerException: Cannot invoke "org.json.JSONObject.getJSONObject(String)" because "this.facebooklogin" is null
at TestCase.Facebook_TestCase.ValidData(Facebook_TestCase.java:76)
at java.base/java.util.ArrayList.forEach(ArrayList.java:1511)
... Removed 25 stack frames]]>
    </failure>
  </testcase> <!-- ValidData -->
</testsuite> <!-- Facebook_testcase -->
